<?xml version="1.0" encoding="UTF-8"?>
<!-- Generated by org.testng.reporters.JUnitXMLReporter -->
<testsuite hostname="LAPTOP-OOFO6E2U" ignored="0" name="Default test" tests="3" failures="0" timestamp="28 Mar 2019 01:57:10 GMT" time="45.591" errors="0">
  <testcase name="mandatorySections" time="1.198" classname="execrise.Test01"/>
  <testcase name="imageClick" time="14.31" classname="execrise.Test02"/>
  <testcase name="priceCheck" time="3.908" classname="execrise.Test03"/>
</testsuite> <!-- Default test -->
