<?xml version="1.0" encoding="UTF-8"?>
<!-- Generated by org.testng.reporters.JUnitXMLReporter -->
<testsuite hostname="DESKTOP-27187O5" ignored="0" name="Default test" tests="5" failures="0" timestamp="16 Dec 2018 18:44:17 GMT" time="55.703" errors="0">
  <testcase name="login" time="15.475" classname="exercise.Test02"/>
  <testcase name="SelectItem" time="15.53" classname="exercise.Test02"/>
  <testcase name="validateProduct_Select" time="1.133" classname="exercise.Test02"/>
  <testcase name="enterUserDetails" time="13.789" classname="exercise.Test02"/>
  <testcase name="validateTranPage" time="0.587" classname="exercise.Test02"/>
</testsuite> <!-- Default test -->
