<?xml version="1.0" encoding="UTF-8"?>
<!-- Generated by org.testng.reporters.JUnitXMLReporter -->
<testsuite hostname="DESKTOP-27187O5" ignored="0" name="Second_TestCase" tests="5" failures="0" timestamp="16 Dec 2018 16:20:46 GMT" time="57.152" errors="0">
  <testcase name="login" time="13.935" classname="Exercise.Test02"/>
  <testcase name="SelectItem" time="16.027" classname="Exercise.Test02"/>
  <testcase name="validateProduct_Select" time="0.845" classname="Exercise.Test02"/>
  <testcase name="enterUserDetails" time="15.96" classname="Exercise.Test02"/>
  <testcase name="validateTranPage" time="0.59" classname="Exercise.Test02"/>
</testsuite> <!-- Second_TestCase -->
